<?xml version="1.0" encoding="UTF-8"?>
<!-- Generated by org.testng.reporters.JUnitXMLReporter -->
<testsuite ignored="5" hostname="DESKTOP-21OGGBD" failures="0" tests="4" name="Regression" time="35.349" errors="0" timestamp="2023-10-23T18:42:09 EDT">
  <testcase classname="testcases.DropdownTest" name="dropdown" time="9.001"/>
  <testcase classname="testcases.LoginTest" name="startDriver" time="2.512"/>
  <testcase classname="testcases.LoginTest" name="openSignInPage" time="2.522"/>
  <testcase classname="testcases.LoginTest" name="validateError" time="7.586"/>
  <testcase classname="testcases.LoginTest" name="openCourseGallery" time="0.0">
    <ignored/>
  </testcase> <!-- openCourseGallery -->
  <testcase classname="testcases.LoginTest" name="validateCheckBox" time="0.0">
    <ignored/>
  </testcase> <!-- validateCheckBox -->
  <testcase classname="testcases.LoginTest" name="openSignUpPage" time="0.0">
    <ignored/>
  </testcase> <!-- openSignUpPage -->
  <testcase classname="testcases.LoginTest" name="enterInvalidEmailLogin" time="0.0">
    <ignored/>
  </testcase> <!-- enterInvalidEmailLogin -->
  <testcase classname="testcases.LoginTest" name="validateEmailPasswordLogin" time="0.0">
    <ignored/>
  </testcase> <!-- validateEmailPasswordLogin -->
</testsuite> <!-- Regression -->
