<?xml version="1.0" encoding="UTF-8"?>
<!-- Generated by org.testng.reporters.JUnitXMLReporter -->
<testsuite ignored="0" hostname="DESKTOP-21OGGBD" failures="1" tests="3" name="Smoke" time="49.979" errors="0" timestamp="2023-10-23T18:42:24 EDT">
  <testcase classname="testcases.AssignmentTest" name="scenario1" time="37.267"/>
  <testcase classname="testcases.AssignmentTest" name="scenario2" time="2.537">
    <failure type="java.lang.AssertionError" message="Lists differ at element [2]: Business Analysis != Business Analyst expected [Business Analysis] but found [Business Analyst]">
      <![CDATA[java.lang.AssertionError: Lists differ at element [2]: Business Analysis != Business Analyst expected [Business Analysis] but found [Business Analyst]
at pageobject.HistoryPage.assertions(HistoryPage.java:74)
at testcases.AssignmentTest.scenario2(AssignmentTest.java:32)
at java.base/java.util.ArrayList.forEach(ArrayList.java:1511)
at java.base/java.util.concurrent.FutureTask.run(FutureTask.java:317)
at java.base/java.util.concurrent.ThreadPoolExecutor.runWorker(ThreadPoolExecutor.java:1144)
at java.base/java.util.concurrent.ThreadPoolExecutor$Worker.run(ThreadPoolExecutor.java:642)
at java.base/java.lang.Thread.run(Thread.java:1623)
... Removed 20 stack frames]]>
    </failure>
  </testcase> <!-- scenario2 -->
  <testcase classname="testcases.AssignmentTest" name="scenario3" time="4.046"/>
</testsuite> <!-- Smoke -->
