<?xml version="1.0" encoding="UTF-8"?>
<testsuite xmlns:xsi="http://www.w3.org/2001/XMLSchema-instance" xsi:noNamespaceSchemaLocation="https://maven.apache.org/surefire/maven-surefire-plugin/xsd/surefire-test-report-3.0.xsd" version="3.0" name="TestSuite" time="85.883" tests="17" errors="0" skipped="0" failures="4">
  <properties>
[...]
</properties>
  <testcase name="enterInvalidEmailLogin" classname="testcases.LoginTest" time="4.662"/>
  <testcase name="enterInvalidEmailLogin" classname="testcases.LoginTest" time="3.193"/>
  <testcase name="openCourseGallery" classname="testcases.LoginTest" time="2.739">
    <failure message="expected [Choose your area of expertise] but found [Business Analyst]" type="java.lang.AssertionError">java.lang.AssertionError: expected [Choose your area of expertise] but found [Business Analyst]
	at testcases.LoginTest.openCourseGallery(LoginTest.java:25)
</failure>
    <system-err><![CDATA[Sep 20, 2023 11:27:41 A.M. org.openqa.selenium.remote.service.DriverService$Builder getLogOutput
INFO: Driver logs no longer sent to console by default; https://www.selenium.dev/documentation/webdriver/drivers/service/#setting-log-output
Sep 20, 2023 11:27:42 A.M. org.openqa.selenium.devtools.CdpVersionFinder findNearestMatch
WARNING: Unable to find an exact match for CDP version 117, so returning the closest version found: 114
]]></system-err>
  </testcase>
  <testcase name="openCourseGallery" classname="testcases.LoginTest" time="2.366">
    <failure message="expected [Choose your area of expertise] but found [Business Analyst]" type="java.lang.AssertionError">java.lang.AssertionError: expected [Choose your area of expertise] but found [Business Analyst]
	at testcases.LoginTest.openCourseGallery(LoginTest.java:25)
</failure>
    <system-err><![CDATA[Sep 20, 2023 11:28:29 A.M. org.openqa.selenium.remote.service.DriverService$Builder getLogOutput
INFO: Driver logs no longer sent to console by default; https://www.selenium.dev/documentation/webdriver/drivers/service/#setting-log-output
Sep 20, 2023 11:28:30 A.M. org.openqa.selenium.devtools.CdpVersionFinder findNearestMatch
WARNING: Unable to find an exact match for CDP version 117, so returning the closest version found: 114
]]></system-err>
  </testcase>
  <testcase name="openSignInPage" classname="testcases.LoginTest" time="2.444"/>
  <testcase name="openSignInPage" classname="testcases.LoginTest" time="2.31"/>
  <testcase name="openSignUpPage" classname="testcases.LoginTest" time="2.908">
    <failure message="The following asserts failed:&#10;	expected [Already have] but found [Already have an account? Log In],&#10;	expected [8] but found [14],&#10;	expected [Email address] but found [Email]" type="java.lang.AssertionError">java.lang.AssertionError: 
The following asserts failed:
	expected [Already have] but found [Already have an account? Log In],
	expected [8] but found [14],
	expected [Email address] but found [Email]
	at testcases.LoginTest.openSignUpPage(LoginTest.java:43)
</failure>
    <system-err><![CDATA[Sep 20, 2023 11:27:49 A.M. org.openqa.selenium.remote.service.DriverService$Builder getLogOutput
INFO: Driver logs no longer sent to console by default; https://www.selenium.dev/documentation/webdriver/drivers/service/#setting-log-output
Sep 20, 2023 11:27:50 A.M. org.openqa.selenium.devtools.CdpVersionFinder findNearestMatch
WARNING: Unable to find an exact match for CDP version 117, so returning the closest version found: 114
]]></system-err>
  </testcase>
  <testcase name="openSignUpPage" classname="testcases.LoginTest" time="2.861">
    <failure message="The following asserts failed:&#10;	expected [Already have] but found [Already have an account? Log In],&#10;	expected [8] but found [14],&#10;	expected [Email address] but found [Email]" type="java.lang.AssertionError">java.lang.AssertionError: 
The following asserts failed:
	expected [Already have] but found [Already have an account? Log In],
	expected [8] but found [14],
	expected [Email address] but found [Email]
	at testcases.LoginTest.openSignUpPage(LoginTest.java:43)
</failure>
    <system-err><![CDATA[Sep 20, 2023 11:28:36 A.M. org.openqa.selenium.remote.service.DriverService$Builder getLogOutput
INFO: Driver logs no longer sent to console by default; https://www.selenium.dev/documentation/webdriver/drivers/service/#setting-log-output
Sep 20, 2023 11:28:37 A.M. org.openqa.selenium.devtools.CdpVersionFinder findNearestMatch
WARNING: Unable to find an exact match for CDP version 117, so returning the closest version found: 114
]]></system-err>
  </testcase>
  <testcase name="startDriver" classname="testcases.LoginTest" time="2.162"/>
  <testcase name="startDriver" classname="testcases.LoginTest" time="1.836"/>
  <testcase name="validateCheckBox" classname="testcases.LoginTest" time="10.157"/>
  <testcase name="validateCheckBox" classname="testcases.LoginTest" time="3.197"/>
  <testcase name="validateEmailPasswordLogin" classname="testcases.LoginTest" time="2.913"/>
  <testcase name="validateEmailPasswordLogin" classname="testcases.LoginTest" time="2.871"/>
  <testcase name="validateError" classname="testcases.LoginTest" time="8.096"/>
  <testcase name="validateError" classname="testcases.LoginTest" time="8.207"/>
  <testcase name="dropdown" classname="testcases.DropdownTest" time="3.104"/>
</testsuite>