<?xml version="1.0" encoding="UTF-8"?>
<!-- Generated by org.testng.reporters.JUnitXMLReporter -->
<testsuite ignored="5" hostname="DESKTOP-21OGGBD" failures="0" tests="4" name="Regression" time="46.828" errors="0" timestamp="2023-10-23T08:12:52 EDT">
  <testcase classname="testcases.DropdownTest" name="dropdown" time="6.446"/>
  <testcase classname="testcases.LoginTest" name="startDriver" time="6.074"/>
  <testcase classname="testcases.LoginTest" name="openSignInPage" time="6.99"/>
  <testcase classname="testcases.LoginTest" name="validateError" time="10.455"/>
  <testcase classname="testcases.LoginTest" name="openCourseGallery" time="0.0">
    <ignored/>
  </testcase> <!-- openCourseGallery -->
  <testcase classname="testcases.LoginTest" name="validateCheckBox" time="0.0">
    <ignored/>
  </testcase> <!-- validateCheckBox -->
  <testcase classname="testcases.LoginTest" name="openSignUpPage" time="0.0">
    <ignored/>
  </testcase> <!-- openSignUpPage -->
  <testcase classname="testcases.LoginTest" name="enterInvalidEmailLogin" time="0.0">
    <ignored/>
  </testcase> <!-- enterInvalidEmailLogin -->
  <testcase classname="testcases.LoginTest" name="validateEmailPasswordLogin" time="0.0">
    <ignored/>
  </testcase> <!-- validateEmailPasswordLogin -->
</testsuite> <!-- Regression -->
