<?xml version="1.0" encoding="UTF-8"?>
<testsuite xmlns:xsi="http://www.w3.org/2001/XMLSchema-instance" xsi:noNamespaceSchemaLocation="https://maven.apache.org/surefire/maven-surefire-plugin/xsd/surefire-test-report-3.0.xsd" version="3.0" name="TestSuite" time="52.122" tests="7" errors="0" skipped="0" failures="1">
  <properties>
[...]
</properties>
  <testcase name="dropdown" classname="testcases.DropdownTest" time="6.449"/>
  <testcase name="startDriver" classname="testcases.LoginTest" time="6.075"/>
  <testcase name="openSignInPage" classname="testcases.LoginTest" time="6.991"/>
  <testcase name="scenario1" classname="testcases.AssignmentTest" time="2.231"/>
  <testcase name="scenario2" classname="testcases.AssignmentTest" time="2.979">
    <failure message="no such window: target window already closed&#10;from unknown error: web view not found&#10;  (Session info: chrome=118.0.5993.89)&#10;Build info: version: &apos;4.10.0&apos;, revision: &apos;c14d967899&apos;&#10;System info: os.name: &apos;Windows 11&apos;, os.arch: &apos;amd64&apos;, os.version: &apos;10.0&apos;, java.version: &apos;20.0.2&apos;&#10;Driver info: org.openqa.selenium.chrome.ChromeDriver&#10;Command: [61494fc12b1a18f225337bce95bc086c, findElement {using=xpath, value=//div[@id=&apos;log-in-button&apos;]/../../a[1]}]&#10;Capabilities {acceptInsecureCerts: false, browserName: chrome, browserVersion: 118.0.5993.89, chrome: {chromedriverVersion: 117.0.5938.62 (25a7172909a4..., userDataDir: C:\Users\User\AppData\Local...}, fedcm:accounts: true, goog:chromeOptions: {debuggerAddress: localhost:50464}, networkConnectionEnabled: false, pageLoadStrategy: normal, platformName: windows, proxy: Proxy(), se:cdp: ws://localhost:50464/devtoo..., se:cdpVersion: 118.0.5993.89, setWindowRect: true, strictFileInteractability: false, timeouts: {implicit: 0, pageLoad: 300000, script: 30000}, unhandledPromptBehavior: dismiss and notify, webauthn:extension:credBlob: true, webauthn:extension:largeBlob: true, webauthn:extension:minPinLength: true, webauthn:extension:prf: true, webauthn:virtualAuthenticators: true}&#10;Session ID: 61494fc12b1a18f225337bce95bc086c" type="org.openqa.selenium.NoSuchWindowException">org.openqa.selenium.NoSuchWindowException: 
no such window: target window already closed
from unknown error: web view not found
  (Session info: chrome=118.0.5993.89)
Build info: version: '4.10.0', revision: 'c14d967899'
System info: os.name: 'Windows 11', os.arch: 'amd64', os.version: '10.0', java.version: '20.0.2'
Driver info: org.openqa.selenium.chrome.ChromeDriver
Command: [61494fc12b1a18f225337bce95bc086c, findElement {using=xpath, value=//div[@id='log-in-button']/../../a[1]}]
Capabilities {acceptInsecureCerts: false, browserName: chrome, browserVersion: 118.0.5993.89, chrome: {chromedriverVersion: 117.0.5938.62 (25a7172909a4..., userDataDir: C:\Users\User\AppData\Local...}, fedcm:accounts: true, goog:chromeOptions: {debuggerAddress: localhost:50464}, networkConnectionEnabled: false, pageLoadStrategy: normal, platformName: windows, proxy: Proxy(), se:cdp: ws://localhost:50464/devtoo..., se:cdpVersion: 118.0.5993.89, setWindowRect: true, strictFileInteractability: false, timeouts: {implicit: 0, pageLoad: 300000, script: 30000}, unhandledPromptBehavior: dismiss and notify, webauthn:extension:credBlob: true, webauthn:extension:largeBlob: true, webauthn:extension:minPinLength: true, webauthn:extension:prf: true, webauthn:virtualAuthenticators: true}
Session ID: 61494fc12b1a18f225337bce95bc086c
	at testcases.AssignmentTest.scenario2(AssignmentTest.java:30)
</failure>
    <system-out><![CDATA[Element: click on sign in page was successfully clicked
Element: click login button was successfully clicked
]]></system-out>
    <system-err><![CDATA[Oct 23, 2023 8:12:44 A.M. org.openqa.selenium.remote.service.DriverService$Builder getLogOutput
INFO: Driver logs no longer sent to console by default; https://www.selenium.dev/documentation/webdriver/drivers/service/#setting-log-output
Oct 23, 2023 8:12:45 A.M. org.openqa.selenium.devtools.CdpVersionFinder findNearestMatch
WARNING: Unable to find an exact match for CDP version 118, so returning the closest version found: 114
Oct 23, 2023 8:12:45 A.M. org.openqa.selenium.remote.service.DriverService$Builder getLogOutput
INFO: Driver logs no longer sent to console by default; https://www.selenium.dev/documentation/webdriver/drivers/service/#setting-log-output
Oct 23, 2023 8:12:46 A.M. org.openqa.selenium.devtools.CdpVersionFinder findNearestMatch
WARNING: Unable to find an exact match for CDP version 118, so returning the closest version found: 114
Oct 23, 2023 8:12:46 A.M. testcases.BaseTest saveLogs
INFO: this is the beginning of the test suit
Oct 23, 2023 8:12:47 A.M. pageobject.BaseMain typeUsingXpath
INFO: Value: email@gmail.com was successfully entered into email text field element
Oct 23, 2023 8:12:47 A.M. pageobject.BaseMain typeUsingXpath
INFO: Value: password123 was successfully entered into password text field element
]]></system-err>
  </testcase>
  <testcase name="validateError" classname="testcases.LoginTest" time="0.565"/>
  <testcase name="scenario3" classname="testcases.AssignmentTest" time="5.242"/>
</testsuite>